[07:51:12]  Demmarrage version : 1.0.0.0
[07:51:12]  lecture de la configuration
[07:51:12]  Rafraichissement de la configuration
[07:51:12] 	 Activation surveillance de : C:\export
[07:51:16]  Sortie de programme
[07:52:46]  Demmarrage version : 1.0.0.0
[07:52:46]  lecture de la configuration
[07:52:46]  Rafraichissement de la configuration
[07:52:46] 	 Activation surveillance de : C:\export
[07:52:48]  Sortie de programme
[07:54:33]  Demmarrage version : 1.0.0.0
[07:54:33]  lecture de la configuration
[07:54:33]  Rafraichissement de la configuration
[07:54:33] 	 Activation surveillance de : C:\export
[07:54:35]  Sortie de programme
[07:55:36]  Demmarrage version : 1.0.0.0
[07:55:36]  lecture de la configuration
[07:55:36]  Rafraichissement de la configuration
[07:55:36] 	 Activation surveillance de : C:\export
[07:55:38] 	 Arret de la surveillance de : C:\export
[07:55:48]  lecture de la configuration
[07:55:48]  Rafraichissement de la configuration
[07:55:48] 	 Activation surveillance de : C:\export
[07:55:52]  Sortie de programme
[08:07:33]  Demmarrage version : 1.0.0.0
[08:07:33]  lecture de la configuration
[08:07:33]  Rafraichissement de la configuration
[08:07:33] 	 Activation surveillance de : C:\export
[08:07:35]  Sortie de programme
[08:13:30]  Demmarrage version : 1.0.0.0
[08:13:30]  lecture de la configuration
[08:13:30]  Rafraichissement de la configuration
[08:13:30] 	 Activation surveillance de : C:\export
[08:13:33] 	 Ajout du fichier dans la queue : 
[08:13:33] 	 Traitement du fichier csv : C:\export\p1_20102090.csv
[08:13:33] 		 station : 0101
[08:13:33] 		 station : 0202
[08:13:33] 	 Traitement terminé
[09:05:40]  Sortie de programme
[09:36:09]  Demmarrage version : 1.0.0.0
[09:36:09]  lecture de la configuration
[09:36:09]  Rafraichissement de la configuration
[09:36:09] 	 Activation surveillance de : C:\export
[09:36:18] 	 Traitement du fichier csv : C:\export\p1_20102090.csv
[09:36:18] 		 station : 0101
[09:36:18] 		 station : 0202
[09:36:18] 	 Traitement du fichier fini
[13:54:14]  Sortie de programme
[14:27:28]  Demmarrage version : 1.0.0.0
[14:27:28]  lecture de la configuration
[14:27:28]  Rafraichissement de la configuration
[14:27:28] 	 Activation surveillance de : C:\export
[14:27:33] 	 Traitement du fichier csv : C:\export\p1_20102090.csv
[14:27:33] 		 station : 0101
[14:27:33] 		 station : 0202
[14:27:33] 	 Traitement du fichier fini
[14:27:39]  Sortie de programme
[14:32:12]  Demmarrage version : 1.0.0.0
[14:32:12]  lecture de la configuration
[14:32:12]  Rafraichissement de la configuration
[14:32:12] 	 Activation surveillance de : C:\export
[14:32:15] 	 Traitement du fichier csv : C:\export\p1_20102090.csv
[14:32:15] 		 station : 0101
[14:32:15] 		 station : 0202
[14:32:15] 	 Traitement du fichier fini
[14:38:08]  Demmarrage version : 1.0.0.0
[14:38:08]  lecture de la configuration
[14:38:08]  Rafraichissement de la configuration
[14:38:08] 	 Activation surveillance de : C:\export
[14:38:12] 	 Arret de la surveillance de : C:\export
[14:38:17]  lecture de la configuration
[14:38:17]  Rafraichissement de la configuration
[14:38:17] 	 Activation surveillance de : C:\export
[14:38:20] 	 Traitement du fichier csv : C:\export\p1_20102090.csv
[14:38:20] 		 station : 0101
[14:38:20] 		 station : 0202
[14:38:20] 	 Traitement du fichier fini
[14:49:02]  Demmarrage version : 1.0.0.0
[14:49:02]  lecture de la configuration
[14:49:02]  Rafraichissement de la configuration
[14:49:02] 	 Activation surveillance de : C:\export
[14:49:06] 	 Traitement du fichier csv : C:\export\p1_20102090.csv
[14:49:06] 		 station : 0101
[14:49:06] 		 station : 0202
[14:49:06] 	 Traitement du fichier fini
[14:49:45]  Sortie de programme
[16:32:42]  Demmarrage version : 1.0.0.0
[16:32:42]  lecture de la configuration
[16:32:42]  Rafraichissement de la configuration
[16:32:42] 	 Activation surveillance de : C:\export
[16:32:46] 	 Traitement du fichier csv : C:\export\p1_20102090.csv
[16:32:46] 		 station : 0101
[16:32:46] 		 station : 0202
[16:32:46] 	 Traitement du fichier fini
[16:32:53]  Sortie de programme
[16:34:10]  Demmarrage version : 1.0.0.0
[16:34:10]  lecture de la configuration
[16:34:10]  Rafraichissement de la configuration
[16:34:10] 	 Activation surveillance de : C:\export
[16:34:13] 	 Traitement du fichier csv : C:\export\p1_20102090.csv
[16:34:13] 		 station : 0101
[16:34:13] 		 station : 0202
[16:34:13] 	 Traitement du fichier fini
[16:34:13] 	 Creation du fichier ZIP : C:\archive\import [03-11-2020-16-34-13].zip
[16:34:13] 	 Archive basedir C:\export\
[16:34:13] 		 Deplacement du fichier C:\export\p1_20102090.csv
[16:34:13] 	 Fermeture du fichier ZIP
[16:34:13]  Deplacement Fichier : C:\export\p1_20102090.csv
[16:34:13] 	 Ajout du fichier dans la queue : 
[16:35:19]  Sortie de programme
[16:43:12]  Demmarrage version : 1.0.0.0
[16:43:12]  lecture de la configuration
[16:43:12]  Rafraichissement de la configuration
[16:43:12] 	 Activation surveillance de : C:\export
[16:43:15] 	 Arret de la surveillance de : C:\export
[16:43:35]  Rafraichissement de la configuration
[16:43:35] 	 Activation surveillance de : C:\export
[16:43:36]  Sortie de programme
[16:45:25]  Demmarrage version : 1.0.0.0
[16:45:25]  lecture de la configuration
[16:45:25]  Rafraichissement de la configuration
[16:45:25] 	 Activation surveillance de : C:\export
[16:48:16]  Nouveau Fichier : C:\export\p2_201022090658.csv
[16:48:16] 	 Ajout du fichier dans la queue : 
[16:48:16]  Deplacement Fichier : C:\export\p2_201022090658.csv
[16:48:16] 	 Ajout du fichier dans la queue : 
[16:48:16]  Nouveau Fichier : C:\export\p2_201022090658.csv
[16:48:16] 	 Ajout du fichier dans la queue : 
[16:48:16]  Modification Fichier : C:\export\p2_201022090658.csv
[16:48:16]  Modification Fichier : C:\export\p2_201022090658.csv
[16:48:26]  Démarrage du timer [AUTO]
[16:48:26] 	 Mode Automatique
[16:48:26] 	 Traitement du fichier csv : C:\export\p2_201022090658.csv
[16:48:26] 		 station : 2003
[16:48:26] 		 station : 4532
[16:48:26] 	 Traitement du fichier fini
[16:48:43] 	 Creation du fichier ZIP : C:\archive\import [03-11-2020-16-48-43].zip
[16:48:43] 	 Archive basedir C:\export\
[16:48:43] 	 Fermeture du fichier ZIP
[16:48:44]  Sortie de programme
[16:49:59]  Demmarrage version : 1.0.0.0
[16:49:59]  lecture de la configuration
[16:49:59]  Rafraichissement de la configuration
[16:49:59] 	 Activation surveillance de : C:\export
[16:50:11]  Modification Fichier : C:\export\p2_201022090658.csv
[16:50:11] 	 Ajout du fichier dans la queue : 
[16:50:11]  Modification Fichier : C:\export\p2_201022090658.csv
[16:50:11]  Modification Fichier : C:\export\p2_201022090658.csv
[16:50:21]  Démarrage du timer [AUTO]
[16:50:21] 	 Mode Automatique
[16:50:21] 	 Traitement du fichier csv : C:\export\p2_201022090658.csv
[16:50:21] 		 station : 2003
[16:50:21] 		 station : 4532
[16:50:21] 	 Traitement du fichier fini
[16:50:21] 	 Creation du fichier ZIP : C:\archive\import [03-11-2020-16-50-21].zip
[16:50:21] 	 Archive basedir C:\export\
[16:50:21] 		 Deplacement du fichier C:\export\p2_201022090658.csv
[16:50:21] 	 Fermeture du fichier ZIP
[16:50:21]  Deplacement Fichier : C:\export\p2_201022090658.csv
[16:50:21] 	 Ajout du fichier dans la queue : 
[16:52:04]  Sortie de programme
[16:53:17]  Demmarrage version : 1.0.0.0
[16:53:17]  lecture de la configuration
[16:53:17]  Rafraichissement de la configuration
[16:53:17] 	 Activation surveillance de : C:\export
[16:53:23]  Sortie de programme
[16:54:46]  Demmarrage version : 1.0.0.0
[16:54:46]  lecture de la configuration
[16:54:46]  Rafraichissement de la configuration
[16:54:46] 	 Activation surveillance de : C:\export
[16:55:20] 	 Arret de la surveillance de : C:\export
[16:55:24]  lecture de la configuration
[16:55:24]  Rafraichissement de la configuration
[16:55:24] 	 Activation surveillance de : C:\export
[16:55:29] 	 Arret de la surveillance de : C:\export
[16:55:47]  sauvegarde de la configuration
[16:55:47]  Rafraichissement de la configuration
[16:55:47] 	 Activation surveillance de : C:\export
[16:55:48]  Sortie de programme
[16:56:14]  Demmarrage version : 1.0.0.0
[16:56:14]  lecture de la configuration
[16:56:14]  Rafraichissement de la configuration
[16:56:21]  lecture de la configuration
[16:56:21]  Rafraichissement de la configuration
[16:56:23]  Sortie de programme
