[09:18:04]  Demmarrage version : 1.0.0.0
[09:18:04]  lecture de la configuration
[09:18:04]  Rafraichissement de la configuration
[09:18:28] 	 Traitement du fichier csv : C:\csvToMis\tests\csv\baro-mulehole_210210151837_N5727.CSV
[09:18:28] 		 station : Pression[cmH2O]
[09:18:28] 		 Erreur : Pas de correspondance pour station :  baro-mulehole
[09:18:28] 		                                  et sensor  :  
[09:18:28] 	 Creation du fichier ZIP : C:\csvToMis\tests\archive\import [23-02-2021-09-18-28].zip
[09:18:28] 	 Archive basedir \
[09:18:28] 	 Fermeture du fichier ZIP
[09:21:39]  Demmarrage version : 1.0.0.0
[09:21:39]  lecture de la configuration
[09:21:39]  Rafraichissement de la configuration
[09:22:02] 	 Traitement du fichier csv : C:\csvToMis\tests\csv\baro-mulehole_210210151837_N5727.CSV
[09:22:02] 		 station : Pression[cmH2O]
[09:22:02] 		 one : NOM_PT_MESURE_DIVER_OFFICE
[09:22:02] 		 two : BARO-MULEHOLE
[09:22:02] 		 one : F5B
[09:22:02] 		 two : BARO-MULEHOLE
[09:22:02] 		 one : F5B
[09:22:02] 		 two : BARO-MULEHOLE
[09:22:02] 		 one : F5B
[09:22:02] 		 two : BARO-MULEHOLE
[09:22:02] 		 one : F5B
[09:22:02] 		 two : BARO-MULEHOLE
[09:22:02] 		 one : F2
[09:22:02] 		 two : BARO-MULEHOLE
[09:22:02] 		 one : F2
[09:22:02] 		 two : BARO-MULEHOLE
[09:22:02] 		 one : F2
[09:22:02] 		 two : BARO-MULEHOLE
[09:22:02] 		 one : F2
[09:22:02] 		 two : BARO-MULEHOLE
[09:22:02] 		 one : E4
[09:22:02] 		 two : BARO-MULEHOLE
[09:22:02] 		 one : E4
[09:22:02] 		 two : BARO-MULEHOLE
[09:22:02] 		 one : E4
[09:22:02] 		 two : BARO-MULEHOLE
[09:22:02] 		 one : E4
[09:22:02] 		 two : BARO-MULEHOLE
[09:22:02] 		 one : E3
[09:22:02] 		 two : BARO-MULEHOLE
[09:22:02] 		 one : E3
[09:22:02] 		 two : BARO-MULEHOLE
[09:22:02] 		 one : E3
[09:22:02] 		 two : BARO-MULEHOLE
[09:22:02] 		 one : E3
[09:22:02] 		 two : BARO-MULEHOLE
[09:22:02] 		 one : BARO E 30
[09:22:02] 		 two : BARO-MULEHOLE
[09:22:02] 		 Erreur : Pas de correspondance pour station :  baro-mulehole
[09:22:02] 		                                  et sensor  :  
[09:22:02] 	 Creation du fichier ZIP : C:\csvToMis\tests\archive\import [23-02-2021-09-22-02].zip
[09:22:02] 	 Archive basedir \
[09:22:02] 	 Fermeture du fichier ZIP
[09:23:52]  sauvegarde de la configuration
[09:23:52]  Rafraichissement de la configuration
[09:24:07] 	 Traitement du fichier csv : C:\csvToMis\tests\csv\baro-mulehole_210210151837_N5727.CSV
[09:24:07] 		 station : Pression[cmH2O]
[09:24:07] 		 one : NOM_PT_MESURE_DIVER_OFFICE
[09:24:07] 		 two : BARO-MULEHOLE
[09:24:07] 		 one : P 1 MH
[09:24:07] 		 two : BARO-MULEHOLE
[09:24:07] 		 one : P 1 MH
[09:24:07] 		 two : BARO-MULEHOLE
[09:24:07] 		 one : P 1 MH
[09:24:07] 		 two : BARO-MULEHOLE
[09:24:07] 		 one : P 1 MH
[09:24:07] 		 two : BARO-MULEHOLE
[09:24:07] 		 one : BARO-MULEHOLE
[09:24:07] 		 two : BARO-MULEHOLE
[09:24:07] 		 one : BARO-MULEHOLE
[09:24:07] 		 two : BARO-MULEHOLE
[09:24:07] 		 one : MULE HOLE OUTLET
[09:24:07] 		 two : BARO-MULEHOLE
[09:24:07] 		 one : MULE HOLE OUTLET
[09:24:07] 		 two : BARO-MULEHOLE
[09:24:07] 		 one : MULE HOLE OUTLET
[09:24:07] 		 two : BARO-MULEHOLE
[09:24:07] 		 one : SOREDA ALLAH
[09:24:07] 		 two : BARO-MULEHOLE
[09:24:07] 		 one : SOREDA ALLAH
[09:24:07] 		 two : BARO-MULEHOLE
[09:24:07] 		 one : SOREDA ALLAH
[09:24:07] 		 two : BARO-MULEHOLE
[09:24:07] 		 one : SOREDA ALLAH
[09:24:07] 		 two : BARO-MULEHOLE
[09:24:07] 		 one : NUGU HOLE RAMPURA
[09:24:07] 		 two : BARO-MULEHOLE
[09:24:07] 		 one : NUGU HOLE RAMPURA
[09:24:07] 		 two : BARO-MULEHOLE
[09:24:07] 		 one : NUGU HOLE RAMPURA
[09:24:07] 		 two : BARO-MULEHOLE
[09:24:07] 		 one : MADDUR OUTLET
[09:24:07] 		 two : BARO-MULEHOLE
[09:24:07] 		 one : MADDUR OUTLET
[09:24:07] 		 two : BARO-MULEHOLE
[09:24:07] 		 one : MADDUR OUTLET
[09:24:07] 		 two : BARO-MULEHOLE
[09:24:07] 		 one : MADDUR OUTLET
[09:24:07] 		 two : BARO-MULEHOLE
[09:24:07] 		 one : BARO FLUX TOWER
[09:24:07] 		 two : BARO-MULEHOLE
[09:24:07] 		 one : BARO FLUX TOWER
[09:24:08] 		 two : BARO-MULEHOLE
[09:24:08] 		 one : ABW
[09:24:08] 		 two : BARO-MULEHOLE
[09:24:08] 		 one : ABW
[09:24:08] 		 two : BARO-MULEHOLE
[09:24:08] 		 one : ABW
[09:24:08] 		 two : BARO-MULEHOLE
[09:24:08] 		 one : ABW
[09:24:08] 		 two : BARO-MULEHOLE
[09:24:08] 		 one : ABW2
[09:24:08] 		 two : BARO-MULEHOLE
[09:24:08] 		 one : ABW2
[09:24:08] 		 two : BARO-MULEHOLE
[09:24:08] 		 one : ABW2
[09:24:08] 		 two : BARO-MULEHOLE
[09:24:08] 		 one : B35
[09:24:08] 		 two : BARO-MULEHOLE
[09:24:08] 		 one : B35
[09:24:08] 		 two : BARO-MULEHOLE
[09:24:08] 		 one : B35
[09:24:08] 		 two : BARO-MULEHOLE
[09:24:08] 		 Erreur : Pas de correspondance pour station :  baro-mulehole
[09:24:08] 		                                  et sensor  :  
[09:24:08] 	 Creation du fichier ZIP : C:\csvToMis\tests\archive\import [23-02-2021-09-24-08].zip
[09:24:08] 	 Archive basedir \
[09:24:08] 	 Fermeture du fichier ZIP
[09:26:18]  Demmarrage version : 1.0.0.0
[09:26:18]  lecture de la configuration
[09:26:18]  Rafraichissement de la configuration
[09:26:37] 	 Traitement du fichier csv : C:\csvToMis\tests\csv\baro-mulehole_210210151837_N5727.CSV
[09:26:37] 		 station : Pression[cmH2O]
[09:26:37] 		 one : NOM_PT_MESURE_DIVER_OFFICE
[09:26:37] 		 two : BARO-MULEHOLE
[09:26:37] 		 three : Nom_col_csv
[09:26:37] 		 four : 
[09:26:37] 		 one : P 1 MH
[09:26:37] 		 two : BARO-MULEHOLE
[09:26:37] 		 three : CHARG
[09:26:37] 		 four : 
[09:26:37] 		 one : P 1 MH
[09:26:37] 		 two : BARO-MULEHOLE
[09:26:37] 		 three : TEMP
[09:26:37] 		 four : 
[09:26:37] 		 one : P 1 MH
[09:26:37] 		 two : BARO-MULEHOLE
[09:26:37] 		 three : COND
[09:26:37] 		 four : 
[09:26:37] 		 one : P 1 MH
[09:26:37] 		 two : BARO-MULEHOLE
[09:26:37] 		 three : PRESS
[09:26:37] 		 four : 
[09:26:37] 		 one : BARO-MULEHOLE
[09:26:37] 		 two : BARO-MULEHOLE
[09:26:37] 		 three : TEMP
[09:26:37] 		 four : 
[09:26:37] 		 one : BARO-MULEHOLE
[09:26:37] 		 two : BARO-MULEHOLE
[09:26:37] 		 three : PRESS
[09:26:37] 		 four : 
[09:26:37] 		 one : MULE HOLE OUTLET
[09:26:37] 		 two : BARO-MULEHOLE
[09:26:37] 		 three : PRESS
[09:26:37] 		 four : 
[09:26:37] 		 one : MULE HOLE OUTLET
[09:26:37] 		 two : BARO-MULEHOLE
[09:26:37] 		 three : TEMP
[09:26:37] 		 four : 
[09:26:37] 		 one : MULE HOLE OUTLET
[09:26:37] 		 two : BARO-MULEHOLE
[09:26:37] 		 three : CHARG
[09:26:37] 		 four : 
[09:26:37] 		 one : SOREDA ALLAH
[09:26:37] 		 two : BARO-MULEHOLE
[09:26:37] 		 three : COND
[09:26:37] 		 four : 
[09:26:37] 		 one : SOREDA ALLAH
[09:26:37] 		 two : BARO-MULEHOLE
[09:26:37] 		 three : PRESS
[09:26:37] 		 four : 
[09:26:37] 		 one : SOREDA ALLAH
[09:26:37] 		 two : BARO-MULEHOLE
[09:26:37] 		 three : CHARG
[09:26:37] 		 four : 
[09:26:37] 		 one : SOREDA ALLAH
[09:26:37] 		 two : BARO-MULEHOLE
[09:26:37] 		 three : TEMP
[09:26:37] 		 four : 
[09:26:37] 		 one : NUGU HOLE RAMPURA
[09:26:37] 		 two : BARO-MULEHOLE
[09:26:37] 		 three : PRESS
[09:26:37] 		 four : 
[09:26:37] 		 one : NUGU HOLE RAMPURA
[09:26:37] 		 two : BARO-MULEHOLE
[09:26:37] 		 three : CHARG
[09:26:37] 		 four : 
[09:26:37] 		 one : NUGU HOLE RAMPURA
[09:26:37] 		 two : BARO-MULEHOLE
[09:26:37] 		 three : TEMP
[09:26:38] 		 four : 
[09:26:38] 		 one : MADDUR OUTLET
[09:26:38] 		 two : BARO-MULEHOLE
[09:26:38] 		 three : PRESS
[09:26:38] 		 four : 
[09:26:38] 		 one : MADDUR OUTLET
[09:26:38] 		 two : BARO-MULEHOLE
[09:26:38] 		 three : CHARG
[09:26:38] 		 four : 
[09:26:38] 		 one : MADDUR OUTLET
[09:26:38] 		 two : BARO-MULEHOLE
[09:26:38] 		 three : TEMP
[09:26:38] 		 four : 
[09:26:38] 		 one : MADDUR OUTLET
[09:26:38] 		 two : BARO-MULEHOLE
[09:26:38] 		 three : COND
[09:26:38] 		 four : 
[09:26:38] 		 one : BARO FLUX TOWER
[09:26:38] 		 two : BARO-MULEHOLE
[09:26:38] 		 three : TEMP
[09:26:38] 		 four : 
[09:26:38] 		 one : BARO FLUX TOWER
[09:26:38] 		 two : BARO-MULEHOLE
[09:26:38] 		 three : PRESS
[09:26:38] 		 four : 
[09:26:38] 		 one : ABW
[09:26:38] 		 two : BARO-MULEHOLE
[09:26:38] 		 three : PRESS
[09:26:38] 		 four : 
[09:26:38] 		 one : ABW
[09:26:38] 		 two : BARO-MULEHOLE
[09:26:38] 		 three : CHARG
[09:26:38] 		 four : 
[09:26:38] 		 one : ABW
[09:26:38] 		 two : BARO-MULEHOLE
[09:26:38] 		 three : TEMP
[09:26:38] 		 four : 
[09:26:38] 		 one : ABW
[09:26:38] 		 two : BARO-MULEHOLE
[09:26:38] 		 three : COND
[09:26:38] 		 four : 
[09:26:38] 		 one : ABW2
[09:26:38] 		 two : BARO-MULEHOLE
[09:26:38] 		 three : CHARG
[09:26:38] 		 four : 
[09:26:38] 		 one : ABW2
[09:26:38] 		 two : BARO-MULEHOLE
[09:26:38] 		 three : PRESS
[09:26:38] 		 four : 
[09:26:38] 		 one : ABW2
[09:26:38] 		 two : BARO-MULEHOLE
[09:26:38] 		 three : TEMP
[09:26:38] 		 four : 
[09:26:38] 		 one : B35
[09:26:38] 		 two : BARO-MULEHOLE
[09:26:38] 		 three : CHARG
[09:26:38] 		 four : 
[09:26:38] 		 one : B35
[09:26:38] 		 two : BARO-MULEHOLE
[09:26:38] 		 three : PRESS
[09:26:38] 		 four : 
[09:26:38] 		 one : B35
[09:26:38] 		 two : BARO-MULEHOLE
[09:26:38] 		 three : TEMP
[09:26:38] 		 four : 
[09:26:38] 		 Erreur : Pas de correspondance pour station :  baro-mulehole
[09:26:38] 		                                  et sensor  :  
[09:26:38] 	 Creation du fichier ZIP : C:\csvToMis\tests\archive\import [23-02-2021-09-26-38].zip
[09:26:38] 	 Archive basedir \
[09:26:38] 	 Fermeture du fichier ZIP
[09:28:32]  Demmarrage version : 1.0.0.0
[09:28:32]  lecture de la configuration
[09:28:32]  Rafraichissement de la configuration
[09:28:47] 	 Traitement du fichier csv : C:\csvToMis\tests\csv\baro-mulehole_210210151837_N5727.CSV
[09:28:47] 		 station : Pression[cmH2O]
[09:28:47] 		 one : NOM_PT_MESURE_DIVER_OFFICE
[09:28:47] 		 two : BARO-MULEHOLE
[09:28:47] 		 three : Nom_col_csv
[09:28:47] 		 four : 
[09:28:47] 		 five : Pression[cmH2O]
[09:28:47] 		 one : P 1 MH
[09:28:47] 		 two : BARO-MULEHOLE
[09:28:47] 		 three : CHARG
[09:28:47] 		 four : 
[09:28:47] 		 five : Pression[cmH2O]
[09:28:47] 		 one : P 1 MH
[09:28:47] 		 two : BARO-MULEHOLE
[09:28:47] 		 three : TEMP
[09:28:47] 		 four : 
[09:28:47] 		 five : Pression[cmH2O]
[09:28:47] 		 one : P 1 MH
[09:28:47] 		 two : BARO-MULEHOLE
[09:28:47] 		 three : COND
[09:28:47] 		 four : 
[09:28:47] 		 five : Pression[cmH2O]
[09:28:47] 		 one : P 1 MH
[09:28:47] 		 two : BARO-MULEHOLE
[09:28:47] 		 three : PRESS
[09:28:47] 		 four : 
[09:28:47] 		 five : Pression[cmH2O]
[09:28:47] 		 one : BARO-MULEHOLE
[09:28:47] 		 two : BARO-MULEHOLE
[09:28:47] 		 three : TEMP
[09:28:47] 		 four : 
[09:28:47] 		 five : Pression[cmH2O]
[09:28:47] 		 one : BARO-MULEHOLE
[09:28:47] 		 two : BARO-MULEHOLE
[09:28:47] 		 three : PRESS
[09:28:47] 		 four : 
[09:28:47] 		 five : Pression[cmH2O]
[09:28:47] 		 one : MULE HOLE OUTLET
[09:28:47] 		 two : BARO-MULEHOLE
[09:28:47] 		 three : PRESS
[09:28:47] 		 four : 
[09:28:47] 		 five : Pression[cmH2O]
[09:28:47] 		 one : MULE HOLE OUTLET
[09:28:47] 		 two : BARO-MULEHOLE
[09:28:47] 		 three : TEMP
[09:28:47] 		 four : 
[09:28:47] 		 five : Pression[cmH2O]
[09:28:47] 		 one : MULE HOLE OUTLET
[09:28:47] 		 two : BARO-MULEHOLE
[09:28:47] 		 three : CHARG
[09:28:47] 		 four : 
[09:28:47] 		 five : Pression[cmH2O]
[09:28:47] 		 one : SOREDA ALLAH
[09:28:47] 		 two : BARO-MULEHOLE
[09:28:47] 		 three : COND
[09:28:47] 		 four : 
[09:28:47] 		 five : Pression[cmH2O]
[09:28:47] 		 one : SOREDA ALLAH
[09:28:47] 		 two : BARO-MULEHOLE
[09:28:47] 		 three : PRESS
[09:28:47] 		 four : 
[09:28:47] 		 five : Pression[cmH2O]
[09:28:47] 		 one : SOREDA ALLAH
[09:28:47] 		 two : BARO-MULEHOLE
[09:28:47] 		 three : CHARG
[09:28:47] 		 four : 
[09:28:47] 		 five : Pression[cmH2O]
[09:28:47] 		 one : SOREDA ALLAH
[09:28:48] 		 two : BARO-MULEHOLE
[09:28:48] 		 three : TEMP
[09:28:48] 		 four : 
[09:28:48] 		 five : Pression[cmH2O]
[09:28:48] 		 one : NUGU HOLE RAMPURA
[09:28:48] 		 two : BARO-MULEHOLE
[09:28:48] 		 three : PRESS
[09:28:48] 		 four : 
[09:28:48] 		 five : Pression[cmH2O]
[09:28:48] 		 one : NUGU HOLE RAMPURA
[09:28:48] 		 two : BARO-MULEHOLE
[09:28:48] 		 three : CHARG
[09:28:48] 		 four : 
[09:28:48] 		 five : Pression[cmH2O]
[09:28:48] 		 one : NUGU HOLE RAMPURA
[09:28:48] 		 two : BARO-MULEHOLE
[09:28:48] 		 three : TEMP
[09:28:48] 		 four : 
[09:28:48] 		 five : Pression[cmH2O]
[09:28:48] 		 one : MADDUR OUTLET
[09:28:48] 		 two : BARO-MULEHOLE
[09:28:48] 		 three : PRESS
[09:28:48] 		 four : 
[09:28:48] 		 five : Pression[cmH2O]
[09:28:48] 		 one : MADDUR OUTLET
[09:28:48] 		 two : BARO-MULEHOLE
[09:28:48] 		 three : CHARG
[09:28:48] 		 four : 
[09:28:48] 		 five : Pression[cmH2O]
[09:28:48] 		 one : MADDUR OUTLET
[09:28:48] 		 two : BARO-MULEHOLE
[09:28:48] 		 three : TEMP
[09:28:48] 		 four : 
[09:28:48] 		 five : Pression[cmH2O]
[09:28:48] 		 one : MADDUR OUTLET
[09:28:48] 		 two : BARO-MULEHOLE
[09:28:48] 		 three : COND
[09:28:48] 		 four : 
[09:28:48] 		 five : Pression[cmH2O]
[09:28:48] 		 one : BARO FLUX TOWER
[09:28:48] 		 two : BARO-MULEHOLE
[09:28:48] 		 three : TEMP
[09:28:48] 		 four : 
[09:28:48] 		 five : Pression[cmH2O]
[09:28:48] 		 one : BARO FLUX TOWER
[09:28:48] 		 two : BARO-MULEHOLE
[09:28:48] 		 three : PRESS
[09:28:48] 		 four : 
[09:28:48] 		 five : Pression[cmH2O]
[09:28:48] 		 one : ABW
[09:28:48] 		 two : BARO-MULEHOLE
[09:28:48] 		 three : PRESS
[09:28:48] 		 four : 
[09:28:48] 		 five : Pression[cmH2O]
[09:28:48] 		 one : ABW
[09:28:48] 		 two : BARO-MULEHOLE
[09:28:48] 		 three : CHARG
[09:28:48] 		 four : 
[09:28:48] 		 five : Pression[cmH2O]
[09:28:48] 		 one : ABW
[09:28:48] 		 two : BARO-MULEHOLE
[09:28:48] 		 three : TEMP
[09:28:48] 		 four : 
[09:28:48] 		 five : Pression[cmH2O]
[09:28:48] 		 one : ABW
[09:28:48] 		 two : BARO-MULEHOLE
[09:28:48] 		 three : COND
[09:28:48] 		 four : 
[09:28:48] 		 five : Pression[cmH2O]
[09:28:48] 		 one : ABW2
[09:28:48] 		 two : BARO-MULEHOLE
[09:28:48] 		 three : CHARG
[09:28:48] 		 four : 
[09:28:48] 		 five : Pression[cmH2O]
[09:28:48] 		 one : ABW2
[09:28:48] 		 two : BARO-MULEHOLE
[09:28:48] 		 three : PRESS
[09:28:48] 		 four : 
[09:28:48] 		 five : Pression[cmH2O]
[09:28:48] 		 one : ABW2
[09:28:48] 		 two : BARO-MULEHOLE
[09:28:48] 		 three : TEMP
[09:28:48] 		 four : 
[09:28:48] 		 five : Pression[cmH2O]
[09:28:48] 		 one : B35
[09:28:49] 		 two : BARO-MULEHOLE
[09:28:49] 		 three : CHARG
[09:28:49] 		 four : 
[09:28:49] 		 five : Pression[cmH2O]
[09:28:49] 		 one : B35
[09:28:49] 		 two : BARO-MULEHOLE
[09:28:49] 		 three : PRESS
[09:28:49] 		 four : 
[09:28:49] 		 five : Pression[cmH2O]
[09:28:49] 		 one : B35
[09:28:49] 		 two : BARO-MULEHOLE
[09:28:49] 		 three : TEMP
[09:28:49] 		 four : 
[09:28:49] 		 five : Pression[cmH2O]
[09:28:49] 		 Erreur : Pas de correspondance pour station :  baro-mulehole
[09:28:49] 		                                  et sensor  :  
[09:28:49] 	 Creation du fichier ZIP : C:\csvToMis\tests\archive\import [23-02-2021-09-28-49].zip
[09:28:49] 	 Archive basedir \
[09:28:49] 	 Fermeture du fichier ZIP
[09:37:00]  lecture de la configuration
[09:37:00]  Rafraichissement de la configuration
[09:41:36]  Demmarrage version : 1.0.0.0
[09:41:36]  lecture de la configuration
[09:41:36]  Rafraichissement de la configuration
[09:41:40] 	 Traitement du fichier csv : C:\csvToMis\tests\csv\baro-mulehole_210210151837_N5727.CSV
[09:41:40] 		 station : Pression[cmH2O]
[09:41:43] 		 one : NOM_PT_MESURE_DIVER_OFFICE
[09:41:43] 		 two : BARO-MULEHOLE
[09:41:43] 		 three : Nom_col_csv
[09:41:43] 		 four : 
[09:41:43] 		 five : Pression[cmH2O]
[09:41:43] 		 one : P 1 MH
[09:41:43] 		 two : BARO-MULEHOLE
[09:41:43] 		 three : CHARG
[09:41:43] 		 four : 
[09:41:43] 		 five : Pression[cmH2O]
[09:41:43] 		 one : P 1 MH
[09:41:43] 		 two : BARO-MULEHOLE
[09:41:43] 		 three : TEMP
[09:41:43] 		 four : 
[09:41:43] 		 five : Pression[cmH2O]
[09:41:43] 		 one : P 1 MH
[09:41:43] 		 two : BARO-MULEHOLE
[09:41:43] 		 three : COND
[09:41:43] 		 four : 
[09:41:43] 		 five : Pression[cmH2O]
[09:41:43] 		 one : P 1 MH
[09:41:43] 		 two : BARO-MULEHOLE
[09:41:43] 		 three : PRESS
[09:41:43] 		 four : 
[09:41:43] 		 five : Pression[cmH2O]
[09:41:43] 		 one : BARO-MULEHOLE
[09:41:43] 		 two : BARO-MULEHOLE
[09:41:43] 		 three : TEMP
[09:41:43] 		 four : 
[09:41:43] 		 five : Pression[cmH2O]
[09:41:43] 		 one : BARO-MULEHOLE
[09:41:43] 		 two : BARO-MULEHOLE
[09:41:43] 		 three : PRESS
[09:41:43] 		 four : 
[09:41:43] 		 five : Pression[cmH2O]
[09:41:43] 		 one : MULE HOLE OUTLET
[09:41:43] 		 two : BARO-MULEHOLE
[09:41:43] 		 three : PRESS
[09:41:43] 		 four : 
[09:41:43] 		 five : Pression[cmH2O]
[09:41:43] 		 one : MULE HOLE OUTLET
[09:41:43] 		 two : BARO-MULEHOLE
[09:41:43] 		 three : TEMP
[09:41:43] 		 four : 
[09:41:43] 		 five : Pression[cmH2O]
[09:41:43] 		 one : MULE HOLE OUTLET
[09:41:43] 		 two : BARO-MULEHOLE
[09:41:43] 		 three : CHARG
[09:41:43] 		 four : 
[09:41:43] 		 five : Pression[cmH2O]
[09:41:43] 		 one : SOREDA ALLAH
[09:41:43] 		 two : BARO-MULEHOLE
[09:41:43] 		 three : COND
[09:41:43] 		 four : 
[09:41:43] 		 five : Pression[cmH2O]
[09:41:43] 		 one : SOREDA ALLAH
[09:41:43] 		 two : BARO-MULEHOLE
[09:41:43] 		 three : PRESS
[09:41:43] 		 four : 
[09:41:43] 		 five : Pression[cmH2O]
[09:41:43] 		 one : SOREDA ALLAH
[09:41:43] 		 two : BARO-MULEHOLE
[09:41:43] 		 three : CHARG
[09:41:43] 		 four : 
[09:41:43] 		 five : Pression[cmH2O]
[09:41:43] 		 one : SOREDA ALLAH
[09:41:43] 		 two : BARO-MULEHOLE
[09:41:43] 		 three : TEMP
[09:41:43] 		 four : 
[09:41:43] 		 five : Pression[cmH2O]
[09:41:43] 		 one : NUGU HOLE RAMPURA
[09:41:43] 		 two : BARO-MULEHOLE
[09:41:43] 		 three : PRESS
[09:41:43] 		 four : 
[09:41:43] 		 five : Pression[cmH2O]
[09:41:43] 		 one : NUGU HOLE RAMPURA
[09:41:43] 		 two : BARO-MULEHOLE
[09:41:43] 		 three : CHARG
[09:41:43] 		 four : 
[09:41:43] 		 five : Pression[cmH2O]
[09:41:43] 		 one : NUGU HOLE RAMPURA
[09:41:43] 		 two : BARO-MULEHOLE
[09:41:43] 		 three : TEMP
[09:41:43] 		 four : 
[09:41:43] 		 five : Pression[cmH2O]
[09:41:43] 		 one : MADDUR OUTLET
[09:41:43] 		 two : BARO-MULEHOLE
[09:41:43] 		 three : PRESS
[09:41:43] 		 four : 
[09:41:43] 		 five : Pression[cmH2O]
[09:41:43] 		 one : MADDUR OUTLET
[09:41:43] 		 two : BARO-MULEHOLE
[09:41:43] 		 three : CHARG
[09:41:43] 		 four : 
[09:41:43] 		 five : Pression[cmH2O]
[09:41:43] 		 one : MADDUR OUTLET
[09:41:43] 		 two : BARO-MULEHOLE
[09:41:43] 		 three : TEMP
[09:41:43] 		 four : 
[09:41:44] 		 five : Pression[cmH2O]
[09:41:44] 		 one : MADDUR OUTLET
[09:41:44] 		 two : BARO-MULEHOLE
[09:41:44] 		 three : COND
[09:41:44] 		 four : 
[09:41:44] 		 five : Pression[cmH2O]
[09:41:44] 		 one : BARO FLUX TOWER
[09:41:44] 		 two : BARO-MULEHOLE
[09:41:44] 		 three : TEMP
[09:41:44] 		 four : 
[09:41:44] 		 five : Pression[cmH2O]
[09:41:44] 		 one : BARO FLUX TOWER
[09:41:44] 		 two : BARO-MULEHOLE
[09:41:44] 		 three : PRESS
[09:41:44] 		 four : 
[09:41:44] 		 five : Pression[cmH2O]
[09:41:44] 		 one : ABW
[09:41:44] 		 two : BARO-MULEHOLE
[09:41:44] 		 three : PRESS
[09:41:44] 		 four : 
[09:41:44] 		 five : Pression[cmH2O]
[09:41:44] 		 one : ABW
[09:41:44] 		 two : BARO-MULEHOLE
[09:41:44] 		 three : CHARG
[09:41:44] 		 four : 
[09:41:44] 		 five : Pression[cmH2O]
[09:41:44] 		 one : ABW
[09:41:44] 		 two : BARO-MULEHOLE
[09:41:44] 		 three : TEMP
[09:41:44] 		 four : 
[09:41:44] 		 five : Pression[cmH2O]
[09:41:44] 		 one : ABW
[09:41:44] 		 two : BARO-MULEHOLE
[09:41:44] 		 three : COND
[09:41:44] 		 four : 
[09:41:44] 		 five : Pression[cmH2O]
[09:41:44] 		 one : ABW2
[09:41:44] 		 two : BARO-MULEHOLE
[09:41:44] 		 three : CHARG
[09:41:44] 		 four : 
[09:41:44] 		 five : Pression[cmH2O]
[09:41:44] 		 one : ABW2
[09:41:44] 		 two : BARO-MULEHOLE
[09:41:44] 		 three : PRESS
[09:41:44] 		 four : 
[09:41:44] 		 five : Pression[cmH2O]
[09:41:44] 		 one : ABW2
[09:41:44] 		 two : BARO-MULEHOLE
[09:41:44] 		 three : TEMP
[09:41:44] 		 four : 
[09:41:44] 		 five : Pression[cmH2O]
[09:41:44] 		 one : B35
[09:41:44] 		 two : BARO-MULEHOLE
[09:41:44] 		 three : CHARG
[09:41:44] 		 four : 
[09:41:44] 		 five : Pression[cmH2O]
[09:41:44] 		 one : B35
[09:41:44] 		 two : BARO-MULEHOLE
[09:41:44] 		 three : PRESS
[09:41:44] 		 four : 
[09:41:44] 		 five : Pression[cmH2O]
[09:41:44] 		 one : B35
[09:41:44] 		 two : BARO-MULEHOLE
[09:41:44] 		 three : TEMP
[09:41:44] 		 four : 
[09:41:44] 		 five : Pression[cmH2O]
[09:41:44] 		 Erreur : Pas de correspondance pour station :  baro-mulehole
[09:41:44] 		                                  et sensor  :  
[09:41:44] 	 Creation du fichier ZIP : C:\csvToMis\tests\archive\import [23-02-2021-09-41-44].zip
[09:41:44] 	 Archive basedir \
[09:41:44] 	 Fermeture du fichier ZIP
[09:41:46]  Sortie de programme
[09:42:02]  Demmarrage version : 1.0.0.0
[09:42:02]  lecture de la configuration
[09:42:02]  Rafraichissement de la configuration
[09:42:10] 	 Traitement du fichier csv : C:\csvToMis\tests\csv\baro-mulehole_210210151837_N5727.CSV
[09:42:10] 		 station : Pression[cmH2O]
[09:42:17] 		 one : NOM_PT_MESURE_DIVER_OFFICE
[09:42:17] 		 two : BARO-MULEHOLE
[09:42:17] 		 three : Nom_col_csv
[09:42:17] 		 four : 
[09:42:17] 		 five : Pression[cmH2O]
[09:42:17] 		 one : P 1 MH
[09:42:17] 		 two : BARO-MULEHOLE
[09:42:17] 		 three : CHARG
[09:42:17] 		 four : 
[09:42:17] 		 five : Pression[cmH2O]
[09:42:17] 		 one : P 1 MH
[09:42:17] 		 two : BARO-MULEHOLE
[09:42:17] 		 three : TEMP
[09:42:17] 		 four : 
[09:42:17] 		 five : Pression[cmH2O]
[09:42:17] 		 one : P 1 MH
[09:42:17] 		 two : BARO-MULEHOLE
[09:42:17] 		 three : COND
[09:42:17] 		 four : 
[09:42:17] 		 five : Pression[cmH2O]
[09:42:17] 		 one : P 1 MH
[09:42:17] 		 two : BARO-MULEHOLE
[09:42:17] 		 three : PRESS
[09:42:17] 		 four : 
[09:42:17] 		 five : Pression[cmH2O]
[09:42:17] 		 one : BARO-MULEHOLE
[09:42:17] 		 two : BARO-MULEHOLE
[09:42:17] 		 three : TEMP
[09:42:17] 		 four : 
[09:42:17] 		 five : Pression[cmH2O]
[09:42:17] 		 one : BARO-MULEHOLE
[09:42:17] 		 two : BARO-MULEHOLE
[09:42:17] 		 three : PRESS
[09:42:17] 		 four : 
[09:42:17] 		 five : Pression[cmH2O]
[09:42:17] 		 one : MULE HOLE OUTLET
[09:42:17] 		 two : BARO-MULEHOLE
[09:42:17] 		 three : PRESS
[09:42:17] 		 four : 
[09:42:17] 		 five : Pression[cmH2O]
[09:42:17] 		 one : MULE HOLE OUTLET
[09:42:17] 		 two : BARO-MULEHOLE
[09:42:17] 		 three : TEMP
[09:42:17] 		 four : 
[09:42:17] 		 five : Pression[cmH2O]
[09:42:17] 		 one : MULE HOLE OUTLET
[09:42:17] 		 two : BARO-MULEHOLE
[09:42:17] 		 three : CHARG
[09:42:17] 		 four : 
[09:42:17] 		 five : Pression[cmH2O]
[09:42:17] 		 one : SOREDA ALLAH
[09:42:17] 		 two : BARO-MULEHOLE
[09:42:17] 		 three : COND
[09:42:17] 		 four : 
[09:42:17] 		 five : Pression[cmH2O]
[09:42:17] 		 one : SOREDA ALLAH
[09:42:17] 		 two : BARO-MULEHOLE
[09:42:17] 		 three : PRESS
[09:42:17] 		 four : 
[09:42:17] 		 five : Pression[cmH2O]
[09:42:17] 		 one : SOREDA ALLAH
[09:42:17] 		 two : BARO-MULEHOLE
[09:42:17] 		 three : CHARG
[09:42:17] 		 four : 
[09:42:17] 		 five : Pression[cmH2O]
[09:42:17] 		 one : SOREDA ALLAH
[09:42:17] 		 two : BARO-MULEHOLE
[09:42:17] 		 three : TEMP
[09:42:17] 		 four : 
[09:42:17] 		 five : Pression[cmH2O]
[09:42:17] 		 one : NUGU HOLE RAMPURA
[09:42:17] 		 two : BARO-MULEHOLE
[09:42:17] 		 three : PRESS
[09:42:17] 		 four : 
[09:42:18] 		 five : Pression[cmH2O]
[09:42:18] 		 one : NUGU HOLE RAMPURA
[09:42:18] 		 two : BARO-MULEHOLE
[09:42:18] 		 three : CHARG
[09:42:18] 		 four : 
[09:42:18] 		 five : Pression[cmH2O]
[09:42:18] 		 one : NUGU HOLE RAMPURA
[09:42:18] 		 two : BARO-MULEHOLE
[09:42:18] 		 three : TEMP
[09:42:18] 		 four : 
[09:42:18] 		 five : Pression[cmH2O]
[09:42:18] 		 one : MADDUR OUTLET
[09:42:18] 		 two : BARO-MULEHOLE
[09:42:18] 		 three : PRESS
[09:42:18] 		 four : 
[09:42:18] 		 five : Pression[cmH2O]
[09:42:18] 		 one : MADDUR OUTLET
[09:42:18] 		 two : BARO-MULEHOLE
[09:42:18] 		 three : CHARG
[09:42:18] 		 four : 
[09:42:18] 		 five : Pression[cmH2O]
[09:42:18] 		 one : MADDUR OUTLET
[09:42:18] 		 two : BARO-MULEHOLE
[09:42:18] 		 three : TEMP
[09:42:18] 		 four : 
[09:42:18] 		 five : Pression[cmH2O]
[09:42:18] 		 one : MADDUR OUTLET
[09:42:18] 		 two : BARO-MULEHOLE
[09:42:18] 		 three : COND
[09:42:18] 		 four : 
[09:42:18] 		 five : Pression[cmH2O]
[09:42:18] 		 one : BARO FLUX TOWER
[09:42:18] 		 two : BARO-MULEHOLE
[09:42:18] 		 three : TEMP
[09:42:18] 		 four : 
[09:42:18] 		 five : Pression[cmH2O]
[09:42:18] 		 one : BARO FLUX TOWER
[09:42:18] 		 two : BARO-MULEHOLE
[09:42:18] 		 three : PRESS
[09:42:18] 		 four : 
[09:42:18] 		 five : Pression[cmH2O]
[09:42:18] 		 one : ABW
[09:42:18] 		 two : BARO-MULEHOLE
[09:42:18] 		 three : PRESS
[09:42:18] 		 four : 
[09:42:18] 		 five : Pression[cmH2O]
[09:42:18] 		 one : ABW
[09:42:18] 		 two : BARO-MULEHOLE
[09:42:18] 		 three : CHARG
[09:42:18] 		 four : 
[09:42:18] 		 five : Pression[cmH2O]
[09:42:18] 		 one : ABW
[09:42:18] 		 two : BARO-MULEHOLE
[09:42:18] 		 three : TEMP
[09:42:18] 		 four : 
[09:42:18] 		 five : Pression[cmH2O]
[09:42:18] 		 one : ABW
[09:42:18] 		 two : BARO-MULEHOLE
[09:42:18] 		 three : COND
[09:42:18] 		 four : 
[09:42:18] 		 five : Pression[cmH2O]
[09:42:18] 		 one : ABW2
[09:42:18] 		 two : BARO-MULEHOLE
[09:42:18] 		 three : CHARG
[09:42:18] 		 four : 
[09:42:18] 		 five : Pression[cmH2O]
[09:42:18] 		 one : ABW2
[09:42:18] 		 two : BARO-MULEHOLE
[09:42:18] 		 three : PRESS
[09:42:18] 		 four : 
[09:42:18] 		 five : Pression[cmH2O]
[09:42:18] 		 one : ABW2
[09:42:18] 		 two : BARO-MULEHOLE
[09:42:18] 		 three : TEMP
[09:42:18] 		 four : 
[09:42:18] 		 five : Pression[cmH2O]
[09:42:18] 		 one : B35
[09:42:18] 		 two : BARO-MULEHOLE
[09:42:18] 		 three : CHARG
[09:42:18] 		 four : 
[09:42:18] 		 five : Pression[cmH2O]
[09:42:18] 		 one : B35
[09:42:18] 		 two : BARO-MULEHOLE
[09:42:18] 		 three : PRESS
[09:42:18] 		 four : 
[09:42:18] 		 five : Pression[cmH2O]
[09:42:18] 		 one : B35
[09:42:18] 		 two : BARO-MULEHOLE
[09:42:18] 		 three : TEMP
[09:42:18] 		 four : 
[09:42:18] 		 five : Pression[cmH2O]
[09:42:18] 		 Erreur : Pas de correspondance pour station :  baro-mulehole
[09:42:18] 		                                  et sensor  :  
[09:42:18] 	 Creation du fichier ZIP : C:\csvToMis\tests\archive\import [23-02-2021-09-42-18].zip
[09:42:18] 	 Archive basedir \
[09:42:18] 	 Fermeture du fichier ZIP
[09:42:20]  Sortie de programme
[09:43:06]  Demmarrage version : 1.0.0.0
[09:43:06]  lecture de la configuration
[09:43:06]  Rafraichissement de la configuration
[09:43:10] 	 Traitement du fichier csv : C:\csvToMis\tests\csv\baro-mulehole_210210151837_N5727.CSV
[09:43:10] 		 station : Pression[cmH2O]
[09:43:16] 		 one : NOM_PT_MESURE_DIVER_OFFICE
[09:43:16] 		 two : BARO-MULEHOLE
[09:43:16] 		 three : Nom_col_csv
[09:43:16] 		 four : 
[09:43:16] 		 five : Pression[cmH2O]
[09:43:16] 		 one : P 1 MH
[09:43:16] 		 two : BARO-MULEHOLE
[09:43:16] 		 three : CHARG
[09:43:16] 		 four : 
[09:43:16] 		 five : Pression[cmH2O]
[09:43:16] 		 one : P 1 MH
[09:43:16] 		 two : BARO-MULEHOLE
[09:43:16] 		 three : TEMP
[09:43:16] 		 four : 
[09:43:16] 		 five : Pression[cmH2O]
[09:43:16] 		 one : P 1 MH
[09:43:16] 		 two : BARO-MULEHOLE
[09:43:16] 		 three : COND
[09:43:16] 		 four : 
[09:43:16] 		 five : Pression[cmH2O]
[09:43:16] 		 one : P 1 MH
[09:43:16] 		 two : BARO-MULEHOLE
[09:43:16] 		 three : PRESS
[09:43:16] 		 four : 
[09:43:16] 		 five : Pression[cmH2O]
[09:43:17] 		 one : BARO-MULEHOLE
[09:43:17] 		 two : BARO-MULEHOLE
[09:43:17] 		 three : TEMP
[09:43:17] 		 four : 
[09:43:17] 		 five : Pression[cmH2O]
[09:43:17] 		 one : BARO-MULEHOLE
[09:43:17] 		 two : BARO-MULEHOLE
[09:43:17] 		 three : PRESS
[09:43:17] 		 four : 
[09:43:17] 		 five : Pression[cmH2O]
[09:43:17] 		 one : MULE HOLE OUTLET
[09:43:17] 		 two : BARO-MULEHOLE
[09:43:17] 		 three : PRESS
[09:43:17] 		 four : 
[09:43:17] 		 five : Pression[cmH2O]
[09:43:17] 		 one : MULE HOLE OUTLET
[09:43:17] 		 two : BARO-MULEHOLE
[09:43:17] 		 three : TEMP
[09:43:17] 		 four : 
[09:43:17] 		 five : Pression[cmH2O]
[09:43:17] 		 one : MULE HOLE OUTLET
[09:43:17] 		 two : BARO-MULEHOLE
[09:43:17] 		 three : CHARG
[09:43:17] 		 four : 
[09:43:17] 		 five : Pression[cmH2O]
[09:43:17] 		 one : SOREDA ALLAH
[09:43:17] 		 two : BARO-MULEHOLE
[09:43:17] 		 three : COND
[09:43:17] 		 four : 
[09:43:17] 		 five : Pression[cmH2O]
[09:43:17] 		 one : SOREDA ALLAH
[09:43:17] 		 two : BARO-MULEHOLE
[09:43:17] 		 three : PRESS
[09:43:17] 		 four : 
[09:43:17] 		 five : Pression[cmH2O]
[09:43:17] 		 one : SOREDA ALLAH
[09:43:17] 		 two : BARO-MULEHOLE
[09:43:17] 		 three : CHARG
[09:43:17] 		 four : 
[09:43:17] 		 five : Pression[cmH2O]
[09:43:17] 		 one : SOREDA ALLAH
[09:43:17] 		 two : BARO-MULEHOLE
[09:43:17] 		 three : TEMP
[09:43:17] 		 four : 
[09:43:17] 		 five : Pression[cmH2O]
[09:43:17] 		 one : NUGU HOLE RAMPURA
[09:43:17] 		 two : BARO-MULEHOLE
[09:43:17] 		 three : PRESS
[09:43:17] 		 four : 
[09:43:17] 		 five : Pression[cmH2O]
[09:43:17] 		 one : NUGU HOLE RAMPURA
[09:43:17] 		 two : BARO-MULEHOLE
[09:43:17] 		 three : CHARG
[09:43:17] 		 four : 
[09:43:17] 		 five : Pression[cmH2O]
[09:43:17] 		 one : NUGU HOLE RAMPURA
[09:43:17] 		 two : BARO-MULEHOLE
[09:43:17] 		 three : TEMP
[09:43:17] 		 four : 
[09:43:17] 		 five : Pression[cmH2O]
[09:43:17] 		 one : MADDUR OUTLET
[09:43:17] 		 two : BARO-MULEHOLE
[09:43:17] 		 three : PRESS
[09:43:17] 		 four : 
[09:43:17] 		 five : Pression[cmH2O]
[09:43:17] 		 one : MADDUR OUTLET
[09:43:17] 		 two : BARO-MULEHOLE
[09:43:17] 		 three : CHARG
[09:43:17] 		 four : 
[09:43:17] 		 five : Pression[cmH2O]
[09:43:17] 		 one : MADDUR OUTLET
[09:43:17] 		 two : BARO-MULEHOLE
[09:43:17] 		 three : TEMP
[09:43:17] 		 four : 
[09:43:17] 		 five : Pression[cmH2O]
[09:43:17] 		 one : MADDUR OUTLET
[09:43:17] 		 two : BARO-MULEHOLE
[09:43:17] 		 three : COND
[09:43:17] 		 four : 
[09:43:17] 		 five : Pression[cmH2O]
[09:43:17] 		 one : BARO FLUX TOWER
[09:43:17] 		 two : BARO-MULEHOLE
[09:43:17] 		 three : TEMP
[09:43:17] 		 four : 
[09:43:17] 		 five : Pression[cmH2O]
[09:43:17] 		 one : BARO FLUX TOWER
[09:43:17] 		 two : BARO-MULEHOLE
[09:43:17] 		 three : PRESS
[09:43:17] 		 four : 
[09:43:17] 		 five : Pression[cmH2O]
[09:43:17] 		 one : ABW
[09:43:17] 		 two : BARO-MULEHOLE
[09:43:17] 		 three : PRESS
[09:43:17] 		 four : 
[09:43:17] 		 five : Pression[cmH2O]
[09:43:17] 		 one : ABW
[09:43:17] 		 two : BARO-MULEHOLE
[09:43:17] 		 three : CHARG
[09:43:17] 		 four : 
[09:43:17] 		 five : Pression[cmH2O]
[09:43:17] 		 one : ABW
[09:43:17] 		 two : BARO-MULEHOLE
[09:43:17] 		 three : TEMP
[09:43:17] 		 four : 
[09:43:17] 		 five : Pression[cmH2O]
[09:43:17] 		 one : ABW
[09:43:17] 		 two : BARO-MULEHOLE
[09:43:17] 		 three : COND
[09:43:17] 		 four : 
[09:43:17] 		 five : Pression[cmH2O]
[09:43:17] 		 one : ABW2
[09:43:17] 		 two : BARO-MULEHOLE
[09:43:17] 		 three : CHARG
[09:43:17] 		 four : 
[09:43:17] 		 five : Pression[cmH2O]
[09:43:17] 		 one : ABW2
[09:43:17] 		 two : BARO-MULEHOLE
[09:43:17] 		 three : PRESS
[09:43:17] 		 four : 
[09:43:17] 		 five : Pression[cmH2O]
[09:43:17] 		 one : ABW2
[09:43:17] 		 two : BARO-MULEHOLE
[09:43:17] 		 three : TEMP
[09:43:17] 		 four : 
[09:43:17] 		 five : Pression[cmH2O]
[09:43:17] 		 one : B35
[09:43:17] 		 two : BARO-MULEHOLE
[09:43:17] 		 three : CHARG
[09:43:17] 		 four : 
[09:43:17] 		 five : Pression[cmH2O]
[09:43:17] 		 one : B35
[09:43:17] 		 two : BARO-MULEHOLE
[09:43:17] 		 three : PRESS
[09:43:17] 		 four : 
[09:43:17] 		 five : Pression[cmH2O]
[09:43:17] 		 one : B35
[09:43:17] 		 two : BARO-MULEHOLE
[09:43:17] 		 three : TEMP
[09:43:17] 		 four : 
[09:43:17] 		 five : Pression[cmH2O]
[09:43:17] 		 Erreur : Pas de correspondance pour station :  baro-mulehole
[09:43:17] 		                                  et sensor  :  
[09:43:17] 	 Creation du fichier ZIP : C:\csvToMis\tests\archive\import [23-02-2021-09-43-17].zip
[09:43:17] 	 Archive basedir \
[09:43:17] 	 Fermeture du fichier ZIP
[09:43:19]  Sortie de programme
[09:43:51]  Demmarrage version : 1.0.0.0
[09:43:51]  lecture de la configuration
[09:43:51]  Rafraichissement de la configuration
[09:43:57] 	 Traitement du fichier csv : C:\csvToMis\tests\csv\baro-mulehole_210210151837_N5727.CSV
[09:43:57] 		 station : Pression[cmH2O]
[09:45:32]  Demmarrage version : 1.0.0.0
[09:45:32]  lecture de la configuration
[09:45:32]  Rafraichissement de la configuration
[09:45:42] 	 Traitement du fichier csv : C:\csvToMis\tests\csv\baro-mulehole_210210151837_N5727.CSV
[09:45:42] 		 station : Pression[cmH2O]
[09:45:48] 		 one : NOM_PT_MESURE_DIVER_OFFICE
[09:45:48] 		 two : BARO-MULEHOLE
[09:45:48] 		 three : Nom_col_csv
[09:45:48] 		 four : PRESSION
[09:45:48] 		 five : Pression[cmH2O]
[09:45:48] 		 one : P 1 MH
[09:45:48] 		 two : BARO-MULEHOLE
[09:45:48] 		 three : CHARG
[09:45:48] 		 four : PRESSION
[09:45:48] 		 five : Pression[cmH2O]
[09:45:48] 		 one : P 1 MH
[09:45:48] 		 two : BARO-MULEHOLE
[09:45:48] 		 three : TEMP
[09:45:48] 		 four : PRESSION
[09:45:48] 		 five : Pression[cmH2O]
[09:45:48] 		 one : P 1 MH
[09:45:48] 		 two : BARO-MULEHOLE
[09:45:48] 		 three : COND
[09:45:48] 		 four : PRESSION
[09:45:48] 		 five : Pression[cmH2O]
[09:45:48] 		 one : P 1 MH
[09:45:48] 		 two : BARO-MULEHOLE
[09:45:48] 		 three : PRESS
[09:45:48] 		 four : PRESSION
[09:45:48] 		 five : Pression[cmH2O]
[09:45:48] 		 one : BARO-MULEHOLE
[09:45:48] 		 two : BARO-MULEHOLE
[09:45:48] 		 three : TEMP
[09:45:48] 		 four : PRESSION
[09:45:48] 		 five : Pression[cmH2O]
[09:45:48] 		 one : BARO-MULEHOLE
[09:45:48] 		 two : BARO-MULEHOLE
[09:45:48] 		 three : PRESS
[09:45:48] 		 four : PRESSION
[09:45:48] 		 five : Pression[cmH2O]
[09:45:48] 		 one : MULE HOLE OUTLET
[09:45:48] 		 two : BARO-MULEHOLE
[09:45:48] 		 three : PRESS
[09:45:48] 		 four : PRESSION
[09:45:48] 		 five : Pression[cmH2O]
[09:45:48] 		 one : MULE HOLE OUTLET
[09:45:48] 		 two : BARO-MULEHOLE
[09:45:48] 		 three : TEMP
[09:45:48] 		 four : PRESSION
[09:45:48] 		 five : Pression[cmH2O]
[09:45:48] 		 one : MULE HOLE OUTLET
[09:45:48] 		 two : BARO-MULEHOLE
[09:45:48] 		 three : CHARG
[09:45:48] 		 four : PRESSION
[09:45:48] 		 five : Pression[cmH2O]
[09:45:48] 		 one : SOREDA ALLAH
[09:45:48] 		 two : BARO-MULEHOLE
[09:45:48] 		 three : COND
[09:45:48] 		 four : PRESSION
[09:45:48] 		 five : Pression[cmH2O]
[09:45:48] 		 one : SOREDA ALLAH
[09:45:48] 		 two : BARO-MULEHOLE
[09:45:48] 		 three : PRESS
[09:45:48] 		 four : PRESSION
[09:45:48] 		 five : Pression[cmH2O]
[09:45:48] 		 one : SOREDA ALLAH
[09:45:48] 		 two : BARO-MULEHOLE
[09:45:48] 		 three : CHARG
[09:45:48] 		 four : PRESSION
[09:45:48] 		 five : Pression[cmH2O]
[09:45:48] 		 one : SOREDA ALLAH
[09:45:48] 		 two : BARO-MULEHOLE
[09:45:48] 		 three : TEMP
[09:45:48] 		 four : PRESSION
[09:45:49] 		 five : Pression[cmH2O]
[09:45:49] 		 one : NUGU HOLE RAMPURA
[09:45:49] 		 two : BARO-MULEHOLE
[09:45:49] 		 three : PRESS
[09:45:49] 		 four : PRESSION
[09:45:49] 		 five : Pression[cmH2O]
[09:45:49] 		 one : NUGU HOLE RAMPURA
[09:45:49] 		 two : BARO-MULEHOLE
[09:45:49] 		 three : CHARG
[09:45:49] 		 four : PRESSION
[09:45:49] 		 five : Pression[cmH2O]
[09:45:49] 		 one : NUGU HOLE RAMPURA
[09:45:49] 		 two : BARO-MULEHOLE
[09:45:49] 		 three : TEMP
[09:45:49] 		 four : PRESSION
[09:45:49] 		 five : Pression[cmH2O]
[09:45:49] 		 one : MADDUR OUTLET
[09:45:49] 		 two : BARO-MULEHOLE
[09:45:49] 		 three : PRESS
[09:45:49] 		 four : PRESSION
[09:45:49] 		 five : Pression[cmH2O]
[09:45:49] 		 one : MADDUR OUTLET
[09:45:49] 		 two : BARO-MULEHOLE
[09:45:49] 		 three : CHARG
[09:45:49] 		 four : PRESSION
[09:45:49] 		 five : Pression[cmH2O]
[09:45:49] 		 one : MADDUR OUTLET
[09:45:49] 		 two : BARO-MULEHOLE
[09:45:49] 		 three : TEMP
[09:45:49] 		 four : PRESSION
[09:45:49] 		 five : Pression[cmH2O]
[09:45:49] 		 one : MADDUR OUTLET
[09:45:49] 		 two : BARO-MULEHOLE
[09:45:49] 		 three : COND
[09:45:49] 		 four : PRESSION
[09:45:49] 		 five : Pression[cmH2O]
[09:45:49] 		 one : BARO FLUX TOWER
[09:45:49] 		 two : BARO-MULEHOLE
[09:45:49] 		 three : TEMP
[09:45:49] 		 four : PRESSION
[09:45:49] 		 five : Pression[cmH2O]
[09:45:49] 		 one : BARO FLUX TOWER
[09:45:49] 		 two : BARO-MULEHOLE
[09:45:49] 		 three : PRESS
[09:45:49] 		 four : PRESSION
[09:45:49] 		 five : Pression[cmH2O]
[09:45:49] 		 one : ABW
[09:45:49] 		 two : BARO-MULEHOLE
[09:45:49] 		 three : PRESS
[09:45:49] 		 four : PRESSION
[09:45:49] 		 five : Pression[cmH2O]
[09:45:49] 		 one : ABW
[09:45:49] 		 two : BARO-MULEHOLE
[09:45:49] 		 three : CHARG
[09:45:49] 		 four : PRESSION
[09:45:49] 		 five : Pression[cmH2O]
[09:45:49] 		 one : ABW
[09:45:49] 		 two : BARO-MULEHOLE
[09:45:49] 		 three : TEMP
[09:45:49] 		 four : PRESSION
[09:45:49] 		 five : Pression[cmH2O]
[09:45:49] 		 one : ABW
[09:45:49] 		 two : BARO-MULEHOLE
[09:45:49] 		 three : COND
[09:45:49] 		 four : PRESSION
[09:45:49] 		 five : Pression[cmH2O]
[09:45:49] 		 one : ABW2
[09:45:49] 		 two : BARO-MULEHOLE
[09:45:49] 		 three : CHARG
[09:45:49] 		 four : PRESSION
[09:45:49] 		 five : Pression[cmH2O]
[09:45:49] 		 one : ABW2
[09:45:49] 		 two : BARO-MULEHOLE
[09:45:49] 		 three : PRESS
[09:45:49] 		 four : PRESSION
[09:45:49] 		 five : Pression[cmH2O]
[09:45:49] 		 one : ABW2
[09:45:49] 		 two : BARO-MULEHOLE
[09:45:49] 		 three : TEMP
[09:45:49] 		 four : PRESSION
[09:45:49] 		 five : Pression[cmH2O]
[09:45:49] 		 one : B35
[09:45:49] 		 two : BARO-MULEHOLE
[09:45:49] 		 three : CHARG
[09:45:49] 		 four : PRESSION
[09:45:49] 		 five : Pression[cmH2O]
[09:45:49] 		 one : B35
[09:45:49] 		 two : BARO-MULEHOLE
[09:45:49] 		 three : PRESS
[09:45:49] 		 four : PRESSION
[09:45:49] 		 five : Pression[cmH2O]
[09:45:49] 		 one : B35
[09:45:49] 		 two : BARO-MULEHOLE
[09:45:49] 		 three : TEMP
[09:45:49] 		 four : PRESSION
[09:45:49] 		 five : Pression[cmH2O]
[09:45:49] 		 Erreur : Pas de correspondance pour station :  baro-mulehole
[09:45:49] 		                                  et sensor  :  PRESSION
[09:45:49] 	 Creation du fichier ZIP : C:\csvToMis\tests\archive\import [23-02-2021-09-45-49].zip
[09:45:49] 	 Archive basedir \
[09:45:49] 	 Fermeture du fichier ZIP
[09:45:58]  Sortie de programme
[09:46:47]  Demmarrage version : 1.0.0.0
[09:46:47]  lecture de la configuration
[09:46:47]  Rafraichissement de la configuration
[09:46:50] 	 Traitement du fichier csv : C:\csvToMis\tests\csv\baro-mulehole_210210151837_N5727.CSV
[09:46:50] 		 station : Pression[cmH2O]
[09:46:53] 		 one : NOM_PT_MESURE_DIVER_OFFICE
[09:46:53] 		 two : BARO-MULEHOLE
[09:46:53] 		 three : Nom_col_csv
[09:46:53] 		 four : PRESSION
[09:46:53] 		 five : Pression[cmH2O]
[09:46:53] 		 one : P 1 MH
[09:46:53] 		 two : BARO-MULEHOLE
[09:46:53] 		 three : CHARG
[09:46:53] 		 four : PRESSION
[09:46:53] 		 five : Pression[cmH2O]
[09:46:53] 		 one : P 1 MH
[09:46:53] 		 two : BARO-MULEHOLE
[09:46:53] 		 three : TEMP
[09:46:53] 		 four : PRESSION
[09:46:53] 		 five : Pression[cmH2O]
[09:46:53] 		 one : P 1 MH
[09:46:53] 		 two : BARO-MULEHOLE
[09:46:53] 		 three : COND
[09:46:53] 		 four : PRESSION
[09:46:53] 		 five : Pression[cmH2O]
[09:46:53] 		 one : P 1 MH
[09:46:53] 		 two : BARO-MULEHOLE
[09:46:53] 		 three : PRESS
[09:46:53] 		 four : PRESSION
[09:46:53] 		 five : Pression[cmH2O]
[09:46:53] 		 one : BARO-MULEHOLE
[09:46:53] 		 two : BARO-MULEHOLE
[09:46:53] 		 three : TEMP
[09:46:53] 		 four : PRESSION
[09:46:53] 		 five : Pression[cmH2O]
[09:46:53] 		 one : BARO-MULEHOLE
[09:46:53] 		 two : BARO-MULEHOLE
[09:46:53] 		 three : PRESS
[09:46:53] 		 four : PRESSION
[09:46:53] 		 five : Pression[cmH2O]
[09:46:53] 		 one : MULE HOLE OUTLET
[09:46:53] 		 two : BARO-MULEHOLE
[09:46:53] 		 three : PRESS
[09:46:53] 		 four : PRESSION
[09:46:53] 		 five : Pression[cmH2O]
[09:46:53] 		 one : MULE HOLE OUTLET
[09:46:53] 		 two : BARO-MULEHOLE
[09:46:53] 		 three : TEMP
[09:46:53] 		 four : PRESSION
[09:46:53] 		 five : Pression[cmH2O]
[09:46:53] 		 one : MULE HOLE OUTLET
[09:46:53] 		 two : BARO-MULEHOLE
[09:46:53] 		 three : CHARG
[09:46:53] 		 four : PRESSION
[09:46:53] 		 five : Pression[cmH2O]
[09:46:53] 		 one : SOREDA ALLAH
[09:46:53] 		 two : BARO-MULEHOLE
[09:46:53] 		 three : COND
[09:46:53] 		 four : PRESSION
[09:46:53] 		 five : Pression[cmH2O]
[09:46:53] 		 one : SOREDA ALLAH
[09:46:53] 		 two : BARO-MULEHOLE
[09:46:53] 		 three : PRESS
[09:46:53] 		 four : PRESSION
[09:46:53] 		 five : Pression[cmH2O]
[09:46:53] 		 one : SOREDA ALLAH
[09:46:53] 		 two : BARO-MULEHOLE
[09:46:53] 		 three : CHARG
[09:46:53] 		 four : PRESSION
[09:46:53] 		 five : Pression[cmH2O]
[09:46:53] 		 one : SOREDA ALLAH
[09:46:53] 		 two : BARO-MULEHOLE
[09:46:53] 		 three : TEMP
[09:46:53] 		 four : PRESSION
[09:46:53] 		 five : Pression[cmH2O]
[09:46:53] 		 one : NUGU HOLE RAMPURA
[09:46:53] 		 two : BARO-MULEHOLE
[09:46:53] 		 three : PRESS
[09:46:53] 		 four : PRESSION
[09:46:53] 		 five : Pression[cmH2O]
[09:46:53] 		 one : NUGU HOLE RAMPURA
[09:46:53] 		 two : BARO-MULEHOLE
[09:46:53] 		 three : CHARG
[09:46:53] 		 four : PRESSION
[09:46:53] 		 five : Pression[cmH2O]
[09:46:53] 		 one : NUGU HOLE RAMPURA
[09:46:53] 		 two : BARO-MULEHOLE
[09:46:53] 		 three : TEMP
[09:46:53] 		 four : PRESSION
[09:46:53] 		 five : Pression[cmH2O]
[09:46:53] 		 one : MADDUR OUTLET
[09:46:53] 		 two : BARO-MULEHOLE
[09:46:53] 		 three : PRESS
[09:46:53] 		 four : PRESSION
[09:46:53] 		 five : Pression[cmH2O]
[09:46:53] 		 one : MADDUR OUTLET
[09:46:53] 		 two : BARO-MULEHOLE
[09:46:53] 		 three : CHARG
[09:46:53] 		 four : PRESSION
[09:46:53] 		 five : Pression[cmH2O]
[09:46:53] 		 one : MADDUR OUTLET
[09:46:53] 		 two : BARO-MULEHOLE
[09:46:53] 		 three : TEMP
[09:46:53] 		 four : PRESSION
[09:46:53] 		 five : Pression[cmH2O]
[09:46:53] 		 one : MADDUR OUTLET
[09:46:53] 		 two : BARO-MULEHOLE
[09:46:53] 		 three : COND
[09:46:53] 		 four : PRESSION
[09:46:53] 		 five : Pression[cmH2O]
[09:46:53] 		 one : BARO FLUX TOWER
[09:46:53] 		 two : BARO-MULEHOLE
[09:46:53] 		 three : TEMP
[09:46:53] 		 four : PRESSION
[09:46:53] 		 five : Pression[cmH2O]
[09:46:53] 		 one : BARO FLUX TOWER
[09:46:53] 		 two : BARO-MULEHOLE
[09:46:53] 		 three : PRESS
[09:46:53] 		 four : PRESSION
[09:46:53] 		 five : Pression[cmH2O]
[09:46:53] 		 one : ABW
[09:46:53] 		 two : BARO-MULEHOLE
[09:46:53] 		 three : PRESS
[09:46:53] 		 four : PRESSION
[09:46:53] 		 five : Pression[cmH2O]
[09:46:53] 		 one : ABW
[09:46:53] 		 two : BARO-MULEHOLE
[09:46:53] 		 three : CHARG
[09:46:53] 		 four : PRESSION
[09:46:53] 		 five : Pression[cmH2O]
[09:46:53] 		 one : ABW
[09:46:53] 		 two : BARO-MULEHOLE
[09:46:53] 		 three : TEMP
[09:46:53] 		 four : PRESSION
[09:46:53] 		 five : Pression[cmH2O]
[09:46:53] 		 one : ABW
[09:46:53] 		 two : BARO-MULEHOLE
[09:46:53] 		 three : COND
[09:46:53] 		 four : PRESSION
[09:46:53] 		 five : Pression[cmH2O]
[09:46:53] 		 one : ABW2
[09:46:53] 		 two : BARO-MULEHOLE
[09:46:53] 		 three : CHARG
[09:46:53] 		 four : PRESSION
[09:46:53] 		 five : Pression[cmH2O]
[09:46:53] 		 one : ABW2
[09:46:53] 		 two : BARO-MULEHOLE
[09:46:53] 		 three : PRESS
[09:46:53] 		 four : PRESSION
[09:46:53] 		 five : Pression[cmH2O]
[09:46:53] 		 one : ABW2
[09:46:53] 		 two : BARO-MULEHOLE
[09:46:53] 		 three : TEMP
[09:46:53] 		 four : PRESSION
[09:46:53] 		 five : Pression[cmH2O]
[09:46:53] 		 one : B35
[09:46:54] 		 two : BARO-MULEHOLE
[09:46:54] 		 three : CHARG
[09:46:54] 		 four : PRESSION
[09:46:54] 		 five : Pression[cmH2O]
[09:46:54] 		 one : B35
[09:46:54] 		 two : BARO-MULEHOLE
[09:46:54] 		 three : PRESS
[09:46:54] 		 four : PRESSION
[09:46:54] 		 five : Pression[cmH2O]
[09:46:54] 		 one : B35
[09:46:54] 		 two : BARO-MULEHOLE
[09:46:54] 		 three : TEMP
[09:46:54] 		 four : PRESSION
[09:46:54] 		 five : Pression[cmH2O]
[09:46:54] 		 Erreur : Pas de correspondance pour station :  baro-mulehole
[09:46:54] 		                                  et sensor  :  PRESSION
[09:46:54] 	 Creation du fichier ZIP : C:\csvToMis\tests\archive\import [23-02-2021-09-46-54].zip
[09:46:54] 	 Archive basedir \
[09:46:54] 	 Fermeture du fichier ZIP
[09:50:36]  Demmarrage version : 1.0.0.0
[09:50:36]  lecture de la configuration
[09:50:36]  Rafraichissement de la configuration
[09:50:40] 	 Traitement du fichier csv : C:\csvToMis\tests\csv\baro-mulehole_210210151837_N5727.CSV
[09:50:40] 		 station : Pression[cmH2O]
[09:50:43] 		 one : NOM_PT_MESURE_DIVER_OFFICE
[09:50:43] 		 two : BARO-MULEHOLE
[09:50:43] 		 three : Nom_col_csv
[09:50:43] 		 four : PRESSION
[09:50:43] 		 five : Pression[cmH2O]
[09:50:43] 		 one : P 1 MH
[09:50:43] 		 two : BARO-MULEHOLE
[09:50:43] 		 three : CHARG
[09:50:43] 		 four : PRESSION
[09:50:43] 		 five : Pression[cmH2O]
[09:50:43] 		 one : P 1 MH
[09:50:43] 		 two : BARO-MULEHOLE
[09:50:43] 		 three : TEMP
[09:50:43] 		 four : PRESSION
[09:50:43] 		 five : Pression[cmH2O]
[09:50:43] 		 one : P 1 MH
[09:50:43] 		 two : BARO-MULEHOLE
[09:50:43] 		 three : COND
[09:50:43] 		 four : PRESSION
[09:50:43] 		 five : Pression[cmH2O]
[09:50:43] 		 one : P 1 MH
[09:50:43] 		 two : BARO-MULEHOLE
[09:50:43] 		 three : PRESS
[09:50:43] 		 four : PRESSION
[09:50:43] 		 five : Pression[cmH2O]
[09:50:43] 		 one : BARO-MULEHOLE
[09:50:43] 		 two : BARO-MULEHOLE
[09:50:43] 		 three : TEMP
[09:50:43] 		 four : PRESSION
[09:50:43] 		 five : Pression[cmH2O]
[09:50:43] 		 one : BARO-MULEHOLE
[09:50:43] 		 two : BARO-MULEHOLE
[09:50:43] 		 three : PRESS
[09:50:43] 		 four : PRESSION
[09:50:43] 		 five : Pression[cmH2O]
[09:50:43] 		 station: OMH_R_BARO
[09:50:43] 		 sensor: 0410
[09:50:43] 		 station : Température[°C]
[09:50:46] 		 one : NOM_PT_MESURE_DIVER_OFFICE
[09:50:46] 		 two : BARO-MULEHOLE
[09:50:46] 		 three : Nom_col_csv
[09:50:46] 		 four : TEMP
[09:50:46] 		 five : Température[°C]
[09:50:46] 		 one : P 1 MH
[09:50:46] 		 two : BARO-MULEHOLE
[09:50:46] 		 three : CHARG
[09:50:46] 		 four : TEMP
[09:50:46] 		 five : Température[°C]
[09:50:46] 		 one : P 1 MH
[09:50:46] 		 two : BARO-MULEHOLE
[09:50:46] 		 three : TEMP
[09:50:46] 		 four : TEMP
[09:50:46] 		 five : Température[°C]
[09:50:46] 		 one : P 1 MH
[09:50:46] 		 two : BARO-MULEHOLE
[09:50:46] 		 three : COND
[09:50:46] 		 four : TEMP
[09:50:46] 		 five : Température[°C]
[09:50:46] 		 one : P 1 MH
[09:50:46] 		 two : BARO-MULEHOLE
[09:50:46] 		 three : PRESS
[09:50:46] 		 four : TEMP
[09:50:46] 		 five : Température[°C]
[09:50:46] 		 one : BARO-MULEHOLE
[09:50:46] 		 two : BARO-MULEHOLE
[09:50:46] 		 three : TEMP
[09:50:46] 		 four : TEMP
[09:50:46] 		 five : Température[°C]
[09:50:46] 		 station: OMH_R_BARO
[09:50:46] 		 sensor: 0400
[09:50:46] 	 Traitement du fichier fini
[09:50:46] 	 Creation du fichier ZIP : C:\csvToMis\tests\archive\import [23-02-2021-09-50-46].zip
[09:50:46] 	 Archive basedir \
[09:50:46] 		 Deplacement du fichier C:\csvToMis\tests\csv\baro-mulehole_210210151837_N5727.CSV
[09:50:46] 	 Fermeture du fichier ZIP
[09:50:53]  Sortie de programme
[09:51:59]  Demmarrage version : 1.0.0.0
[09:51:59]  lecture de la configuration
[09:51:59]  Rafraichissement de la configuration
[09:52:11]  Sortie de programme
[09:52:26]  Demmarrage version : 1.0.0.0
[09:52:26]  lecture de la configuration
[09:52:26]  Rafraichissement de la configuration
[09:52:32] 	 Traitement du fichier csv : C:\csvToMis\tests\csv\baro-mulehole_210210151837_N5727.CSV
[09:52:32] 		 station : Pression[cmH2O]
[09:52:32] 		 station: OMH_R_BARO
[09:52:32] 		 sensor: 0410
[09:52:32] 		 station : Température[°C]
[09:52:32] 		 station: OMH_R_BARO
[09:52:32] 		 sensor: 0400
[09:52:32] 	 Traitement du fichier fini
[09:52:32] 	 Creation du fichier ZIP : C:\csvToMis\tests\archive\import [23-02-2021-09-52-32].zip
[09:52:32] 	 Archive basedir \
[09:52:32] 		 Deplacement du fichier C:\csvToMis\tests\csv\baro-mulehole_210210151837_N5727.CSV
[09:52:32] 	 Fermeture du fichier ZIP
[09:52:52]  Sortie de programme
[09:53:34]  Demmarrage version : 1.0.0.0
[09:53:34]  lecture de la configuration
[09:53:34]  Rafraichissement de la configuration
[09:53:37]  Sortie de programme
